<?xml version="1.0" encoding="UTF-8"?>
<!-- Generated by org.testng.reporters.JUnitXMLReporter -->
<testsuite ignored="0" hostname="DESKTOP-VAQKFJ2" failures="1" tests="2" name="Test1" time="22.326" errors="0" timestamp="02 May 2024 08:32:19 GMT">
  <testcase classname="com.qa.tests.LoginSuite" name="TC_LF_001_VerifyUserLoginIntoApplicationWithValidCredentials" time="5.782">
    <failure type="java.lang.AssertionError" message="expected [true] but found [false]">
      <![CDATA[java.lang.AssertionError: expected [true] but found [false]
at com.qa.tests.LoginSuite.TC_LF_001_VerifyUserLoginIntoApplicationWithValidCredentials(LoginSuite.java:50)
... Removed 29 stack frames]]>
    </failure>
  </testcase> <!-- TC_LF_001_VerifyUserLoginIntoApplicationWithValidCredentials -->
  <testcase classname="com.qa.tests.LoginSuite" name="TC_LF_002_VerifyUserLoginIntoApplicationWithInvalidCredentials" time="3.267"/>
</testsuite> <!-- Test1 -->
