<?xml version="1.0" encoding="UTF-8"?>
<testng-results ignored="0" total="0" passed="0" failed="0" skipped="0">
  <reporter-output>
  </reporter-output>
  <suite started-at="2024-05-02T12:37:49Z" name="com.qa.testComponents.TestRetryAnalyzer" finished-at="2024-05-02T12:37:49Z" duration-ms="13">
    <groups>
    </groups>
    <test started-at="2024-05-02T12:37:49Z" name="Command line test" finished-at="2024-05-02T12:37:49Z" duration-ms="13">
    </test> <!-- Command line test -->
  </suite> <!-- com.qa.testComponents.TestRetryAnalyzer -->
</testng-results>
