-------------------------------------------------------------------------------
Test set: TestSuite
-------------------------------------------------------------------------------
Tests run: 10, Failures: 1, Errors: 0, Skipped: 0, Time elapsed: 57.94 s <<< FAILURE! - in TestSuite
TC_RF_001_VerifyWhetherTheUserABleToRegisterInParaBankApplicationWithValidTestData(com.qa.tests.UserSignUpSuite)  Time elapsed: 0.359 s  <<< FAILURE!
java.lang.AssertionError: User is not able to complete SignUp Process
	at com.qa.tests.UserSignUpSuite.TC_RF_001_VerifyWhetherTheUserABleToRegisterInParaBankApplicationWithValidTestData(UserSignUpSuite.java:51)

