<?xml version="1.0" encoding="UTF-8"?>
<testsuite xmlns:xsi="http://www.w3.org/2001/XMLSchema-instance" xsi:noNamespaceSchemaLocation="https://maven.apache.org/surefire/maven-surefire-plugin/xsd/surefire-test-report.xsd" name="TestSuite" time="171.239" tests="13" errors="0" skipped="0" failures="0">
  <properties>
[...]
</properties>
  <testcase name="TC_RF_001_VerifyWhetherTheUserABleToRegisterInParaBankApplicationWithValidTestData" classname="com.qa.tests.UserSignUpSuite" time="10.46"/>
  <testcase name="TC_LF_001_VerifyUserLoginIntoApplicationWithValidCredentials" classname="com.qa.tests.LoginSuite" time="4.287"/>
  <testcase name="TC_LF_002_VerifyUserLoginIntoApplicationWithInvalidCredentials" classname="com.qa.tests.LoginSuite" time="1.799"/>
  <testcase name="TC_AOF_001_VerifyWhetherAccountOverviewPageDisplayedOrNot" classname="com.qa.tests.AccountOverviewSuite" time="2.927"/>
  <testcase name="TC_AOF_002_VerifyUserLandOnAccountDetailsPageAfterClickOnAccountNumberFromAccountOverviewPage" classname="com.qa.tests.AccountOverviewSuite" time="5.982"/>
  <testcase name="TC_ONA_001_VerifyWhetherCheckingOptionPresentInAccountTypeDropdown" classname="com.qa.tests.OpenNewAccountSuite" time="3.055"/>
  <testcase name="TC_ONA_002_VerifyWhetherSavingOptionPresentInAccountTypeDropdown" classname="com.qa.tests.OpenNewAccountSuite" time="4.306"/>
  <testcase name="TC_ONA_003_VerifyWhetherTheUserAbleToCreateNewAccountWithCheckingAccountType" classname="com.qa.tests.OpenNewAccountSuite" time="5.48"/>
  <testcase name="TC_ONA_004_VerifyWhetherTheUserAbleToCreateNewAccountWithSavingAccountType" classname="com.qa.tests.OpenNewAccountSuite" time="5.636"/>
  <testcase name="TC_TF_001_VerifyWhetherUserIsLandOnTransferFundPage" classname="com.qa.tests.TransferFundsSuite" time="3.198"/>
  <testcase name="TC_TF_002_VerifyWhetherTheUserAbleToTransferFund" classname="com.qa.tests.TransferFundsSuite" time="15.133"/>
  <testcase name="TC_BP_001_validateWhetherTheUserAbleBillPayment" classname="com.qa.tests.BillPaymentSuite" time="10.033"/>
  <testcase name="TC_UCI_001_validateWhetherTheUserAbleToUpdateContactInfo" classname="com.qa.tests.UpdateContactInfoSuite" time="5.219"/>
</testsuite>